  dllmain.cpp
c:\users\cameron\desktop\trash can\cobaltv2-source-master\cobalt\cobalt\main.cpp(2): warning C4005: '_WIN32_WINNT': macro redefinition
  c:\program files (x86)\windows kits\10\include\10.0.15063.0\shared\sdkddkver.h(213): note: see previous definition of '_WIN32_WINNT'
c:\users\cameron\desktop\trash can\cobaltv2-source-master\cobalt\cobalt\scan.h(8): warning C4311: 'type cast': pointer truncation from 'HMODULE' to 'DWORD'
c:\users\cameron\desktop\trash can\cobaltv2-source-master\cobalt\cobalt\scan.h(8): warning C4302: 'type cast': truncation from 'HMODULE' to 'DWORD'
c:\users\cameron\desktop\trash can\cobaltv2-source-master\cobalt\cobalt\scan.h(21): warning C4312: 'type cast': conversion from 'DWORD' to 'BYTE *' of greater size
c:\users\cameron\desktop\trash can\cobaltv2-source-master\cobalt\cobalt\scan.h(31): warning C4311: 'type cast': pointer truncation from 'LPVOID' to 'DWORD'
c:\users\cameron\desktop\trash can\cobaltv2-source-master\cobalt\cobalt\scan.h(31): warning C4302: 'type cast': truncation from 'LPVOID' to 'DWORD'
c:\users\cameron\desktop\trash can\cobaltv2-source-master\cobalt\cobalt\scan.h(32): warning C4311: 'type cast': pointer truncation from 'LPVOID' to 'DWORD'
c:\users\cameron\desktop\trash can\cobaltv2-source-master\cobalt\cobalt\scan.h(32): warning C4302: 'type cast': truncation from 'LPVOID' to 'DWORD'
c:\users\cameron\desktop\trash can\cobaltv2-source-master\cobalt\cobalt\scan.h(35): warning C4312: 'type cast': conversion from 'DWORD' to 'void *' of greater size
c:\users\cameron\desktop\trash can\cobaltv2-source-master\cobalt\cobalt\scan.h(57): warning C4312: 'type cast': conversion from 'DWORD' to 'BYTE *' of greater size
c:\users\cameron\desktop\trash can\cobaltv2-source-master\cobalt\cobalt\scan.h(70): warning C4312: 'type cast': conversion from 'DWORD' to 'void *' of greater size
c:\users\cameron\desktop\trash can\cobaltv2-source-master\cobalt\cobalt\scan.h(70): warning C4244: 'initializing': conversion from 'SIZE_T' to 'DWORD', possible loss of data
c:\users\cameron\desktop\trash can\cobaltv2-source-master\cobalt\cobalt\scan.h(101): warning C4311: 'type cast': pointer truncation from 'HMODULE' to 'DWORD'
c:\users\cameron\desktop\trash can\cobaltv2-source-master\cobalt\cobalt\scan.h(101): warning C4302: 'type cast': truncation from 'HMODULE' to 'DWORD'
c:\users\cameron\desktop\trash can\cobaltv2-source-master\cobalt\cobalt\scan.h(103): warning C4312: 'type cast': conversion from 'DWORD' to 'BYTE *' of greater size
c:\users\cameron\desktop\trash can\cobaltv2-source-master\cobalt\cobalt\scan.h(112): warning C4267: 'initializing': conversion from 'size_t' to 'DWORD', possible loss of data
c:\users\cameron\desktop\trash can\cobaltv2-source-master\cobalt\cobalt\scan.h(113): warning C4311: 'type cast': pointer truncation from 'HMODULE' to 'DWORD'
c:\users\cameron\desktop\trash can\cobaltv2-source-master\cobalt\cobalt\scan.h(113): warning C4302: 'type cast': truncation from 'HMODULE' to 'DWORD'
c:\users\cameron\desktop\trash can\cobaltv2-source-master\cobalt\cobalt\scan.h(119): warning C4312: 'type cast': conversion from 'DWORD' to 'DWORD *' of greater size
c:\users\cameron\desktop\trash can\cobaltv2-source-master\cobalt\cobalt\scan.h(120): warning C4244: '=': conversion from 'SIZE_T' to 'DWORD', possible loss of data
c:\users\cameron\desktop\trash can\cobaltv2-source-master\cobalt\cobalt\scan.h(127): warning C4312: 'type cast': conversion from 'DWORD' to 'BYTE *' of greater size
c:\users\cameron\desktop\trash can\cobaltv2-source-master\cobalt\cobalt\rlua.h(42): warning C4312: 'type cast': conversion from 'DWORD' to 'PBYTE' of greater size
c:\users\cameron\desktop\trash can\cobaltv2-source-master\cobalt\cobalt\rlua.h(48): warning C4312: 'type cast': conversion from 'DWORD' to 'PBYTE' of greater size
c:\users\cameron\desktop\trash can\cobaltv2-source-master\cobalt\cobalt\rlua.h(48): warning C4244: 'initializing': conversion from '__int64' to 'DWORD', possible loss of data
c:\users\cameron\desktop\trash can\cobaltv2-source-master\cobalt\cobalt\rlua.h(58): warning C4312: 'type cast': conversion from 'DWORD' to 'PVOID' of greater size
c:\users\cameron\desktop\trash can\cobaltv2-source-master\cobalt\cobalt\rlua.h(60): warning C4311: 'type cast': pointer truncation from 'PVOID' to 'DWORD'
c:\users\cameron\desktop\trash can\cobaltv2-source-master\cobalt\cobalt\rlua.h(60): warning C4302: 'type cast': truncation from 'PVOID' to 'DWORD'
c:\users\cameron\desktop\trash can\cobaltv2-source-master\cobalt\cobalt\rlua.h(61): warning C4312: 'type cast': conversion from 'DWORD' to 'BYTE *' of greater size
c:\users\cameron\desktop\trash can\cobaltv2-source-master\cobalt\cobalt\rlua.h(62): warning C4312: 'type cast': conversion from 'DWORD' to 'PVOID' of greater size
c:\users\cameron\desktop\trash can\cobaltv2-source-master\cobalt\cobalt\rlua.h(64): warning C4311: 'type cast': pointer truncation from 'PVOID' to 'DWORD'
c:\users\cameron\desktop\trash can\cobaltv2-source-master\cobalt\cobalt\rlua.h(64): warning C4302: 'type cast': truncation from 'PVOID' to 'DWORD'
c:\users\cameron\desktop\trash can\cobaltv2-source-master\cobalt\cobalt\rlua.h(66): warning C4311: 'type cast': pointer truncation from 'PVOID' to 'DWORD'
c:\users\cameron\desktop\trash can\cobaltv2-source-master\cobalt\cobalt\rlua.h(66): warning C4302: 'type cast': truncation from 'PVOID' to 'DWORD'
c:\users\cameron\desktop\trash can\cobaltv2-source-master\cobalt\cobalt\rlua.h(67): warning C4312: 'type cast': conversion from 'DWORD' to 'BYTE *' of greater size
c:\users\cameron\desktop\trash can\cobaltv2-source-master\cobalt\cobalt\rlua.h(69): warning C4311: 'type cast': pointer truncation from 'PVOID' to 'DWORD'
c:\users\cameron\desktop\trash can\cobaltv2-source-master\cobalt\cobalt\rlua.h(69): warning C4302: 'type cast': truncation from 'PVOID' to 'DWORD'
c:\users\cameron\desktop\trash can\cobaltv2-source-master\cobalt\cobalt\rlua.h(70): warning C4312: 'type cast': conversion from 'DWORD' to 'DWORD *' of greater size
c:\users\cameron\desktop\trash can\cobaltv2-source-master\cobalt\cobalt\rlua.h(75): warning C4312: 'type cast': conversion from 'DWORD' to 'PVOID' of greater size
c:\users\cameron\desktop\trash can\cobaltv2-source-master\cobalt\cobalt\rlua.h(81): warning C4311: 'type cast': pointer truncation from 'PVOID' to 'DWORD'
c:\users\cameron\desktop\trash can\cobaltv2-source-master\cobalt\cobalt\rlua.h(81): warning C4302: 'type cast': truncation from 'PVOID' to 'DWORD'
c:\users\cameron\desktop\trash can\cobaltv2-source-master\cobalt\cobalt\rlua.h(93): warning C4312: 'type cast': conversion from 'unsigned int' to 'void *' of greater size
c:\users\cameron\desktop\trash can\cobaltv2-source-master\cobalt\cobalt\rlua.h(94): warning C4312: 'type cast': conversion from 'unsigned int' to 'char *' of greater size
c:\users\cameron\desktop\trash can\cobaltv2-source-master\cobalt\cobalt\rlua.h(95): warning C4312: 'type cast': conversion from 'unsigned int' to 'void *' of greater size
c:\users\cameron\desktop\trash can\cobaltv2-source-master\cobalt\cobalt\rlua.h(100): warning C4312: 'type cast': conversion from 'unsigned int' to 'void *' of greater size
c:\users\cameron\desktop\trash can\cobaltv2-source-master\cobalt\cobalt\rlua.h(101): warning C4312: 'type cast': conversion from 'unsigned int' to 'char *' of greater size
c:\users\cameron\desktop\trash can\cobaltv2-source-master\cobalt\cobalt\rlua.h(102): warning C4312: 'type cast': conversion from 'unsigned int' to 'void *' of greater size
c:\users\cameron\desktop\trash can\cobaltv2-source-master\cobalt\cobalt\rlua.h(105): warning C4312: 'type cast': conversion from 'DWORD' to 'LuaC::Lua_getfield' of greater size
c:\users\cameron\desktop\trash can\cobaltv2-source-master\cobalt\cobalt\rlua.h(108): warning C4312: 'type cast': conversion from 'DWORD' to 'LuaC::Lua_settop' of greater size
c:\users\cameron\desktop\trash can\cobaltv2-source-master\cobalt\cobalt\rlua.h(111): warning C4312: 'type cast': conversion from 'DWORD' to 'LuaC::Lua_pushstring' of greater size
c:\users\cameron\desktop\trash can\cobaltv2-source-master\cobalt\cobalt\rlua.h(114): warning C4312: 'type cast': conversion from 'DWORD' to 'LuaC::Lua_pushvalue' of greater size
c:\users\cameron\desktop\trash can\cobaltv2-source-master\cobalt\cobalt\rlua.h(117): warning C4312: 'type cast': conversion from 'DWORD' to 'LuaC::Lua_pcall' of greater size
c:\users\cameron\desktop\trash can\cobaltv2-source-master\cobalt\cobalt\rlua.h(120): warning C4312: 'type cast': conversion from 'DWORD' to 'LuaC::Lua_setfield' of greater size
c:\users\cameron\desktop\trash can\cobaltv2-source-master\cobalt\cobalt\rlua.h(123): warning C4312: 'type cast': conversion from 'DWORD' to 'LuaC::Lua_pushnumber' of greater size
c:\users\cameron\desktop\trash can\cobaltv2-source-master\cobalt\cobalt\rlua.h(126): warning C4312: 'type cast': conversion from 'DWORD' to 'LuaC::Lua_ToLString' of greater size
c:\users\cameron\desktop\trash can\cobaltv2-source-master\cobalt\cobalt\rlua.h(129): warning C4312: 'type cast': conversion from 'DWORD' to 'LuaC::Lua_toBoolean' of greater size
c:\users\cameron\desktop\trash can\cobaltv2-source-master\cobalt\cobalt\rlua.h(132): warning C4312: 'type cast': conversion from 'DWORD' to 'LuaC::Lua_tonumber' of greater size
c:\users\cameron\desktop\trash can\cobaltv2-source-master\cobalt\cobalt\rlua.h(135): warning C4312: 'type cast': conversion from 'DWORD' to 'LuaC::Lua_type' of greater size
c:\users\cameron\desktop\trash can\cobaltv2-source-master\cobalt\cobalt\rlua.h(138): warning C4312: 'type cast': conversion from 'DWORD' to 'LuaC::Lua_next' of greater size
c:\users\cameron\desktop\trash can\cobaltv2-source-master\cobalt\cobalt\rlua.h(141): warning C4312: 'type cast': conversion from 'DWORD' to 'LuaC::Lua_getmetatable' of greater size
c:\users\cameron\desktop\trash can\cobaltv2-source-master\cobalt\cobalt\rlua.h(144): warning C4312: 'type cast': conversion from 'DWORD' to 'LuaC::Identity' of greater size
c:\users\cameron\desktop\trash can\cobaltv2-source-master\cobalt\cobalt\rlua.h(237): warning C4312: 'type cast': conversion from 'int' to 'DWORD *' of greater size
c:\users\cameron\desktop\trash can\cobaltv2-source-master\cobalt\cobalt\rlua.h(238): warning C4312: 'type cast': conversion from 'int' to 'DWORD *' of greater size
c:\users\cameron\desktop\trash can\cobaltv2-source-master\cobalt\cobalt\rlua.h(239): warning C4312: 'type cast': conversion from 'int' to 'DWORD *' of greater size
c:\users\cameron\desktop\trash can\cobaltv2-source-master\cobalt\cobalt\rlua.h(240): warning C4312: 'type cast': conversion from 'int' to 'DWORD *' of greater size
c:\users\cameron\desktop\trash can\cobaltv2-source-master\cobalt\cobalt\rlua.h(243): warning C4312: 'type cast': conversion from 'int' to 'DWORD *' of greater size
c:\users\cameron\desktop\trash can\cobaltv2-source-master\cobalt\cobalt\rlua.h(255): warning C4312: 'type cast': conversion from 'DWORD' to 'int (__cdecl *)(int,int,const char *,...)' of greater size
c:\users\cameron\desktop\trash can\cobaltv2-source-master\cobalt\cobalt\rlua.h(255): warning C4312: 'type cast': conversion from 'DWORD' to 'int (__cdecl *)(void)' of greater size
c:\users\cameron\desktop\trash can\cobaltv2-source-master\cobalt\cobalt\functions.h(117): warning C4312: 'type cast': conversion from 'int' to 'int *' of greater size
c:\users\cameron\desktop\trash can\cobaltv2-source-master\cobalt\cobalt\functions.h(117): warning C4312: 'type cast': conversion from 'int' to 'int (__cdecl **)(void)' of greater size
c:\users\cameron\desktop\trash can\cobaltv2-source-master\cobalt\cobalt\functions.h(121): warning C4312: 'type cast': conversion from 'int' to 'int *' of greater size
c:\users\cameron\desktop\trash can\cobaltv2-source-master\cobalt\cobalt\functions.h(125): warning C4312: 'type cast': conversion from 'int' to 'int *' of greater size
c:\users\cameron\desktop\trash can\cobaltv2-source-master\cobalt\cobalt\functions.h(125): warning C4312: 'type cast': conversion from 'int' to 'std::string *' of greater size
c:\users\cameron\desktop\trash can\cobaltv2-source-master\cobalt\cobalt\functions.h(130): warning C4312: 'type cast': conversion from 'int' to 'DWORD *' of greater size
c:\users\cameron\desktop\trash can\cobaltv2-source-master\cobalt\cobalt\functions.h(132): warning C4312: 'type cast': conversion from 'DWORD' to 'DWORD *' of greater size
c:\users\cameron\desktop\trash can\cobaltv2-source-master\cobalt\cobalt\functions.h(134): warning C4312: 'type cast': conversion from 'DWORD' to 'int *' of greater size
c:\users\cameron\desktop\trash can\cobaltv2-source-master\cobalt\cobalt\functions.h(136): warning C4312: 'type cast': conversion from 'int' to 'int *' of greater size
c:\users\cameron\desktop\trash can\cobaltv2-source-master\cobalt\cobalt\functions.h(137): warning C4312: 'type cast': conversion from 'int' to 'int *' of greater size
c:\users\cameron\desktop\trash can\cobaltv2-source-master\cobalt\cobalt\functions.h(155): warning C4312: 'type cast': conversion from 'int' to 'int *' of greater size
c:\users\cameron\desktop\trash can\cobaltv2-source-master\cobalt\cobalt\functions.h(207): warning C4996: 'freopen': This function or variable may be unsafe. Consider using freopen_s instead. To disable deprecation, use _CRT_SECURE_NO_WARNINGS. See online help for details.
  c:\program files (x86)\windows kits\10\include\10.0.15063.0\ucrt\stdio.h(242): note: see declaration of 'freopen'
c:\users\cameron\desktop\trash can\cobaltv2-source-master\cobalt\cobalt\functions.h(208): warning C4996: 'freopen': This function or variable may be unsafe. Consider using freopen_s instead. To disable deprecation, use _CRT_SECURE_NO_WARNINGS. See online help for details.
  c:\program files (x86)\windows kits\10\include\10.0.15063.0\ucrt\stdio.h(242): note: see declaration of 'freopen'
c:\users\cameron\desktop\trash can\cobaltv2-source-master\cobalt\cobalt\functions.h(253): warning C4312: 'type cast': conversion from 'Any' to 'const char *' of greater size
c:\users\cameron\desktop\trash can\cobaltv2-source-master\cobalt\cobalt\functions.h(267): warning C4312: 'type cast': conversion from 'Any' to 'const char *' of greater size
c:\users\cameron\desktop\trash can\cobaltv2-source-master\cobalt\cobalt\functions.h(281): warning C4312: 'type cast': conversion from 'Any' to 'const char *' of greater size
c:\users\cameron\desktop\trash can\cobaltv2-source-master\cobalt\cobalt\functions.h(305): warning C4002: too many actual parameters for macro 'rbx_tostring'
c:\users\cameron\desktop\trash can\cobaltv2-source-master\cobalt\cobalt\functions.h(314): warning C4312: 'type cast': conversion from 'int' to 'DWORD *' of greater size
c:\users\cameron\desktop\trash can\cobaltv2-source-master\cobalt\cobalt\functions.h(314): warning C4312: 'type cast': conversion from 'DWORD' to 'DWORD *' of greater size
c:\users\cameron\desktop\trash can\cobaltv2-source-master\cobalt\cobalt\functions.h(318): warning C4002: too many actual parameters for macro 'rbx_tostring'
c:\users\cameron\desktop\trash can\cobaltv2-source-master\cobalt\cobalt\functions.h(329): warning C4312: 'type cast': conversion from 'int' to 'DWORD *' of greater size
c:\users\cameron\desktop\trash can\cobaltv2-source-master\cobalt\cobalt\functions.h(329): warning C4312: 'type cast': conversion from 'DWORD' to 'DWORD *' of greater size
c:\users\cameron\desktop\trash can\cobaltv2-source-master\cobalt\cobalt\functions.h(333): warning C4002: too many actual parameters for macro 'rbx_tostring'
c:\users\cameron\desktop\trash can\cobaltv2-source-master\cobalt\cobalt\functions.h(342): warning C4002: too many actual parameters for macro 'rbx_tostring'
c:\users\cameron\desktop\trash can\cobaltv2-source-master\cobalt\cobalt\functions.h(352): warning C4312: 'type cast': conversion from 'int' to 'DWORD *' of greater size
c:\users\cameron\desktop\trash can\cobaltv2-source-master\cobalt\cobalt\functions.h(352): warning C4312: 'type cast': conversion from 'DWORD' to 'DWORD *' of greater size
c:\users\cameron\desktop\trash can\cobaltv2-source-master\cobalt\cobalt\functions.h(356): warning C4002: too many actual parameters for macro 'rbx_tostring'
c:\users\cameron\desktop\trash can\cobaltv2-source-master\cobalt\cobalt\functions.h(360): warning C4244: 'argument': conversion from 'time_t' to 'unsigned int', possible loss of data
c:\users\cameron\desktop\trash can\cobaltv2-source-master\cobalt\cobalt\functions.h(373): warning C4312: 'type cast': conversion from 'int' to 'DWORD *' of greater size
c:\users\cameron\desktop\trash can\cobaltv2-source-master\cobalt\cobalt\functions.h(373): warning C4312: 'type cast': conversion from 'DWORD' to 'DWORD *' of greater size
c:\users\cameron\desktop\trash can\cobaltv2-source-master\cobalt\cobalt\functions.h(377): warning C4002: too many actual parameters for macro 'rbx_tostring'
c:\users\cameron\desktop\trash can\cobaltv2-source-master\cobalt\cobalt\functions.h(403): warning C4312: 'type cast': conversion from 'int' to 'DWORD *' of greater size
c:\users\cameron\desktop\trash can\cobaltv2-source-master\cobalt\cobalt\functions.h(403): warning C4312: 'type cast': conversion from 'DWORD' to 'DWORD *' of greater size
c:\users\cameron\desktop\trash can\cobaltv2-source-master\cobalt\cobalt\functions.h(406): warning C4002: too many actual parameters for macro 'rbx_tostring'
c:\users\cameron\desktop\trash can\cobaltv2-source-master\cobalt\cobalt\functions.h(415): warning C4312: 'type cast': conversion from 'int' to 'DWORD *' of greater size
c:\users\cameron\desktop\trash can\cobaltv2-source-master\cobalt\cobalt\functions.h(415): warning C4312: 'type cast': conversion from 'DWORD' to 'DWORD *' of greater size
c:\users\cameron\desktop\trash can\cobaltv2-source-master\cobalt\cobalt\functions.h(485): warning C4312: 'type cast': conversion from 'int' to 'DWORD *' of greater size
c:\users\cameron\desktop\trash can\cobaltv2-source-master\cobalt\cobalt\functions.h(486): warning C4312: 'type cast': conversion from 'DWORD' to 'DWORD *' of greater size
c:\users\cameron\desktop\trash can\cobaltv2-source-master\cobalt\cobalt\functions.h(487): warning C4312: 'type cast': conversion from 'DWORD' to 'int *' of greater size
c:\users\cameron\desktop\trash can\cobaltv2-source-master\cobalt\cobalt\functions.h(489): warning C4312: 'type cast': conversion from 'int' to 'int *' of greater size
c:\users\cameron\desktop\trash can\cobaltv2-source-master\cobalt\cobalt\functions.h(491): warning C4312: 'type cast': conversion from 'int' to 'int *' of greater size
c:\users\cameron\desktop\trash can\cobaltv2-source-master\cobalt\cobalt\commands.h(3016): warning C4312: 'type cast': conversion from 'int' to 'DWORD *' of greater size
c:\users\cameron\desktop\trash can\cobaltv2-source-master\cobalt\cobalt\commands.h(3016): warning C4312: 'type cast': conversion from 'DWORD' to 'DWORD *' of greater size
c:\users\cameron\desktop\trash can\cobaltv2-source-master\cobalt\cobalt\commands.h(3027): warning C4312: 'type cast': conversion from 'int' to 'DWORD *' of greater size
c:\users\cameron\desktop\trash can\cobaltv2-source-master\cobalt\cobalt\commands.h(3027): warning C4312: 'type cast': conversion from 'DWORD' to 'DWORD *' of greater size
c:\users\cameron\desktop\trash can\cobaltv2-source-master\cobalt\cobalt\commands.h(3051): warning C4311: 'type cast': pointer truncation from 'const char *' to 'Any'
c:\users\cameron\desktop\trash can\cobaltv2-source-master\cobalt\cobalt\commands.h(3051): warning C4302: 'type cast': truncation from 'const char *' to 'Any'
c:\users\cameron\desktop\trash can\cobaltv2-source-master\cobalt\cobalt\metamethods.h(61): error C4235: nonstandard extension used: '__asm' keyword not supported on this architecture
c:\users\cameron\desktop\trash can\cobaltv2-source-master\cobalt\cobalt\metamethods.h(62): error C2065: 'mov': undeclared identifier
c:\users\cameron\desktop\trash can\cobaltv2-source-master\cobalt\cobalt\metamethods.h(62): error C2146: syntax error: missing ';' before identifier 'eax'
c:\users\cameron\desktop\trash can\cobaltv2-source-master\cobalt\cobalt\metamethods.h(62): error C2065: 'eax': undeclared identifier
c:\users\cameron\desktop\trash can\cobaltv2-source-master\cobalt\cobalt\metamethods.h(62): error C3480: 'FlagMagic': a lambda capture variable must be from an enclosing function scope
c:\users\cameron\desktop\trash can\cobaltv2-source-master\cobalt\cobalt\metamethods.h(63): error C3260: 'identifier': skipping unexpected token(s) before lambda body
c:\users\cameron\desktop\trash can\cobaltv2-source-master\cobalt\cobalt\metamethods.h(70): error C2065: 'L': undeclared identifier
c:\users\cameron\desktop\trash can\cobaltv2-source-master\cobalt\cobalt\metamethods.h(71): error C2065: 'L': undeclared identifier
c:\users\cameron\desktop\trash can\cobaltv2-source-master\cobalt\cobalt\metamethods.h(72): error C2065: 'L': undeclared identifier
c:\users\cameron\desktop\trash can\cobaltv2-source-master\cobalt\cobalt\metamethods.h(76): error C2144: syntax error: 'int' should be preceded by ';'
c:\users\cameron\desktop\trash can\cobaltv2-source-master\cobalt\cobalt\metamethods.h(76): error C2601: 'Color3_new': local function definitions are illegal
c:\users\cameron\desktop\trash can\cobaltv2-source-master\cobalt\cobalt\metamethods.h(86): error C2601: 'GameIndex': local function definitions are illegal
c:\users\cameron\desktop\trash can\cobaltv2-source-master\cobalt\cobalt\metamethods.h(96): error C2601: 'GameNewIndex': local function definitions are illegal
c:\users\cameron\desktop\trash can\cobaltv2-source-master\cobalt\cobalt\metamethods.h(167): error C2601: 'aexsdee': local function definitions are illegal
c:\users\cameron\desktop\trash can\cobaltv2-source-master\cobalt\cobalt\metamethods.h(171): error C2601: 'lua_setpop': local function definitions are illegal
c:\users\cameron\desktop\trash can\cobaltv2-source-master\cobalt\cobalt\metamethods.h(175): error C4235: nonstandard extension used: '__asm' keyword not supported on this architecture
c:\users\cameron\desktop\trash can\cobaltv2-source-master\cobalt\cobalt\metamethods.h(187): error C4235: nonstandard extension used: '__asm' keyword not supported on this architecture
c:\users\cameron\desktop\trash can\cobaltv2-source-master\cobalt\cobalt\metamethods.h(196): error C2601: 'WorkspaceIndex': local function definitions are illegal
c:\users\cameron\desktop\trash can\cobaltv2-source-master\cobalt\cobalt\metamethods.h(208): error C2601: 'WorkspaceNewIndex': local function definitions are illegal
c:\users\cameron\desktop\trash can\cobaltv2-source-master\cobalt\cobalt\metamethods.h(276): error C2601: 'GameCall': local function definitions are illegal
c:\users\cameron\desktop\trash can\cobaltv2-source-master\cobalt\cobalt\metamethods.h(306): error C2601: 'WorkspaceCall': local function definitions are illegal
c:\users\cameron\desktop\trash can\cobaltv2-source-master\cobalt\cobalt\metamethods.h(336): error C2601: 'Instance_new': local function definitions are illegal
c:\users\cameron\desktop\trash can\cobaltv2-source-master\cobalt\cobalt\lfunctions.h(9): error C2598: linkage specification must be at global scope
c:\users\cameron\desktop\trash can\cobaltv2-source-master\cobalt\cobalt\lua-5.1.5\lua.hpp(5): error C2598: linkage specification must be at global scope
c:\users\cameron\desktop\trash can\cobaltv2-source-master\cobalt\cobalt\lfunctions.h(17): error C2601: 'LuaCAPI': local function definitions are illegal
c:\users\cameron\desktop\trash can\cobaltv2-source-master\cobalt\cobalt\lfunctions.h(25): error C2601: 'PrintIdentity': local function definitions are illegal
c:\users\cameron\desktop\trash can\cobaltv2-source-master\cobalt\cobalt\lfunctions.h(57): error C2601: 'Print': local function definitions are illegal
c:\users\cameron\desktop\trash can\cobaltv2-source-master\cobalt\cobalt\lfunctions.h(84): error C2601: 'Warn': local function definitions are illegal
c:\users\cameron\desktop\trash can\cobaltv2-source-master\cobalt\cobalt\lfunctions.h(112): error C2601: 'Wait': local function definitions are illegal
c:\users\cameron\desktop\trash can\cobaltv2-source-master\cobalt\cobalt\main.cpp(32): error C2598: linkage specification must be at global scope
c:\users\cameron\desktop\trash can\cobaltv2-source-master\cobalt\cobalt\lua-5.1.5\lua.hpp(5): error C2598: linkage specification must be at global scope
c:\users\cameron\desktop\trash can\cobaltv2-source-master\cobalt\cobalt\main.cpp(50): error C2601: 'CmdPipe': local function definitions are illegal
c:\users\cameron\desktop\trash can\cobaltv2-source-master\cobalt\cobalt\main.cpp(80): error C2601: 'LuaCPipe': local function definitions are illegal
c:\users\cameron\desktop\trash can\cobaltv2-source-master\cobalt\cobalt\main.cpp(117): error C2601: 'opencustomlibs': local function definitions are illegal
c:\users\cameron\desktop\trash can\cobaltv2-source-master\cobalt\cobalt\main.cpp(188): error C2601: 'split': local function definitions are illegal
c:\users\cameron\desktop\trash can\cobaltv2-source-master\cobalt\cobalt\main.cpp(197): error C2601: 'ExecuteScript': local function definitions are illegal
c:\users\cameron\desktop\trash can\cobaltv2-source-master\cobalt\cobalt\main.cpp(220): error C2601: 'ScriptPipe': local function definitions are illegal
c:\users\cameron\desktop\trash can\cobaltv2-source-master\cobalt\cobalt\main.cpp(247): error C2601: 'Scan': local function definitions are illegal
c:\users\cameron\desktop\trash can\cobaltv2-source-master\cobalt\cobalt\main.cpp(257): error C2601: 'Init': local function definitions are illegal
c:\users\cameron\desktop\trash can\cobaltv2-source-master\cobalt\cobalt\dllmain.cpp(9): error C2601: 'DllMain': local function definitions are illegal
c:\users\cameron\desktop\trash can\cobaltv2-source-master\cobalt\cobalt\dllmain.cpp(22): fatal error C1004: unexpected end-of-file found
